Date and time: 2022-12-21 22:20:12
Server: DESKTOP-1TD8NB7
Version: 15.0.2000.5
Edition: Developer Edition (64-bit)
Platform: Windows
Procedure: [dba].[dbo].[DatabaseBackup]
Parameters: @Databases = 'dba', @Directory = 'C:\Dba\Backup', @BackupType = 'FULL', @Verify = 'N', @CleanupTime = NULL, @CleanupMode = 'AFTER_BACKUP', @Compress = 'Y', @CopyOnly = 'N', @ChangeBackupType = 'N', @BackupSoftware = NULL, @CheckSum = 'N', @BlockSize = NULL, @BufferCount = NULL, @MaxTransferSize = NULL, @NumberOfFiles = NULL, @MinBackupSizeForMultipleFiles = NULL, @MaxFileSize = NULL, @CompressionLevel = NULL, @Description = NULL, @Threads = NULL, @Throttle = NULL, @Encrypt = 'N', @EncryptionAlgorithm = NULL, @ServerCertificate = NULL, @ServerAsymmetricKey = NULL, @EncryptionKey = NULL, @ReadWriteFileGroups = 'N', @OverrideBackupPreference = 'N', @NoRecovery = 'N', @URL = NULL, @Credential = NULL, @MirrorDirectory = NULL, @MirrorCleanupTime = NULL, @MirrorCleanupMode = 'AFTER_BACKUP', @MirrorURL = NULL, @AvailabilityGroups = NULL, @Updateability = 'ALL', @AdaptiveCompression = NULL, @ModificationLevel = NULL, @LogSizeSinceLastLogBackup = NULL, @TimeSinceLastLogBackup = NULL, @DataDomainBoostHost = NULL, @DataDomainBoostUser = NULL, @DataDomainBoostDevicePath = NULL, @DataDomainBoostLockboxPath = NULL, @DirectoryStructure = '{ServerName}${InstanceName}{DirectorySeparator}{DatabaseName}{DirectorySeparator}{BackupType}_{Partial}_{CopyOnly}', @AvailabilityGroupDirectoryStructure = '{ClusterName}${AvailabilityGroupName}{DirectorySeparator}{DatabaseName}{DirectorySeparator}{BackupType}_{Partial}_{CopyOnly}', @FileName = '{ServerName}${InstanceName}_{DatabaseName}_{BackupType}_{Partial}_{CopyOnly}_{Year}{Month}{Day}_{Hour}{Minute}{Second}_{FileNumber}.{FileExtension}', @AvailabilityGroupFileName = '{ClusterName}${AvailabilityGroupName}_{DatabaseName}_{BackupType}_{Partial}_{CopyOnly}_{Year}{Month}{Day}_{Hour}{Minute}{Second}_{FileNumber}.{FileExtension}', @FileExtensionFull = NULL, @FileExtensionDiff = NULL, @FileExtensionLog = NULL, @Init = 'N', @Format = 'N', @ObjectLevelRecoveryMap = 'N', @ExcludeLogShippedFromLogBackup = 'Y', @DirectoryCheck = 'Y', @StringDelimiter = ',', @DatabaseOrder = NULL, @Datab...
Version: 2022-01-02 13:58:13
Source: https://ola.hallengren.com
	
Msg 50000, Level 16, State 1, Server DESKTOP-1TD8NB7, Procedure dba.dbo.DatabaseBackup, Line 2276
The directory C:\Dba\Backup does not exist.
	
Msg 50000, Level 16, State 1, Server DESKTOP-1TD8NB7, Procedure dba.dbo.DatabaseBackup, Line 2276
The documentation is available at https://ola.hallengren.com/sql-server-backup.html.
	
Date and time: 2022-12-21 22:20:12
	
Date and time: 2022-12-21 22:20:17
Server: DESKTOP-1TD8NB7
Version: 15.0.2000.5
Edition: Developer Edition (64-bit)
Platform: Windows
Procedure: [dba].[dbo].[DatabaseBackup]
Parameters: @Databases = 'dba', @Directory = 'C:\Dba\Backup', @BackupType = 'LOG', @Verify = 'N', @CleanupTime = NULL, @CleanupMode = 'AFTER_BACKUP', @Compress = 'Y', @CopyOnly = 'N', @ChangeBackupType = 'N', @BackupSoftware = NULL, @CheckSum = 'N', @BlockSize = NULL, @BufferCount = NULL, @MaxTransferSize = NULL, @NumberOfFiles = NULL, @MinBackupSizeForMultipleFiles = NULL, @MaxFileSize = NULL, @CompressionLevel = NULL, @Description = NULL, @Threads = NULL, @Throttle = NULL, @Encrypt = 'N', @EncryptionAlgorithm = NULL, @ServerCertificate = NULL, @ServerAsymmetricKey = NULL, @EncryptionKey = NULL, @ReadWriteFileGroups = 'N', @OverrideBackupPreference = 'N', @NoRecovery = 'N', @URL = NULL, @Credential = NULL, @MirrorDirectory = NULL, @MirrorCleanupTime = NULL, @MirrorCleanupMode = 'AFTER_BACKUP', @MirrorURL = NULL, @AvailabilityGroups = NULL, @Updateability = 'ALL', @AdaptiveCompression = NULL, @ModificationLevel = NULL, @LogSizeSinceLastLogBackup = NULL, @TimeSinceLastLogBackup = NULL, @DataDomainBoostHost = NULL, @DataDomainBoostUser = NULL, @DataDomainBoostDevicePath = NULL, @DataDomainBoostLockboxPath = NULL, @DirectoryStructure = '{ServerName}${InstanceName}{DirectorySeparator}{DatabaseName}{DirectorySeparator}{BackupType}_{Partial}_{CopyOnly}', @AvailabilityGroupDirectoryStructure = '{ClusterName}${AvailabilityGroupName}{DirectorySeparator}{DatabaseName}{DirectorySeparator}{BackupType}_{Partial}_{CopyOnly}', @FileName = '{ServerName}${InstanceName}_{DatabaseName}_{BackupType}_{Partial}_{CopyOnly}_{Year}{Month}{Day}_{Hour}{Minute}{Second}_{FileNumber}.{FileExtension}', @AvailabilityGroupFileName = '{ClusterName}${AvailabilityGroupName}_{DatabaseName}_{BackupType}_{Partial}_{CopyOnly}_{Year}{Month}{Day}_{Hour}{Minute}{Second}_{FileNumber}.{FileExtension}', @FileExtensionFull = NULL, @FileExtensionDiff = NULL, @FileExtensionLog = NULL, @Init = 'N', @Format = 'N', @ObjectLevelRecoveryMap = 'N', @ExcludeLogShippedFromLogBackup = 'Y', @DirectoryCheck = 'Y', @StringDelimiter = ',', @DatabaseOrder = NULL, @Databa...
Version: 2022-01-02 13:58:13
Source: https://ola.hallengren.com
	
Msg 50000, Level 16, State 1, Server DESKTOP-1TD8NB7, Procedure dba.dbo.DatabaseBackup, Line 2276
The directory C:\Dba\Backup does not exist.
	
Msg 50000, Level 16, State 1, Server DESKTOP-1TD8NB7, Procedure dba.dbo.DatabaseBackup, Line 2276
The documentation is available at https://ola.hallengren.com/sql-server-backup.html.
	
Date and time: 2022-12-21 22:20:17
	
